\BOOKMARK [1][-]{section.1}{\376\377\213\376\230\230\200\314\146\157}{}% 1
\BOOKMARK [2][-]{subsection.1.1}{\376\377\117\040\176\337\152\041\137\017\124\214\123\321\134\125\163\260\162\266}{section.1}% 2
\BOOKMARK [2][-]{subsection.1.2}{\376\377\137\012\172\357\123\312\122\033\145\260\160\271}{section.1}% 3
\BOOKMARK [1][-]{section.2}{\376\377\163\257\130\203\220\350\177\162}{}% 4
\BOOKMARK [2][-]{subsection.2.1}{\376\377\135\345\121\167}{section.2}% 5
\BOOKMARK [3][-]{subsubsection.2.1.1}{\376\377\000A\000n\000a\000c\000o\000n\000d\000a}{subsection.2.1}% 6
\BOOKMARK [3][-]{subsubsection.2.1.2}{\376\377\000E\000m\000a\000c\000s}{subsection.2.1}% 7
\BOOKMARK [3][-]{subsubsection.2.1.3}{\376\377\000L\000a\000T\000e\000X}{subsection.2.1}% 8
\BOOKMARK [2][-]{subsection.2.2}{\376\377\163\257\130\203}{section.2}% 9
\BOOKMARK [3][-]{subsubsection.2.2.1}{\376\377\000p\000y\000t\000o\000r\000c\000h}{subsection.2.2}% 10
\BOOKMARK [3][-]{subsubsection.2.2.2}{\376\377\000t\000e\000n\000s\000o\000r\000f\000l\000o\000w\000\050\000k\000e\000r\000a\000s\000\051}{subsection.2.2}% 11
\BOOKMARK [2][-]{subsection.2.3}{\376\377\145\160\143\156\226\306}{section.2}% 12
\BOOKMARK [3][-]{subsubsection.2.3.1}{\376\377\221\307\226\306\213\276\131\007}{subsection.2.3}% 13
\BOOKMARK [3][-]{subsubsection.2.3.2}{\376\377\221\307\226\306\217\307\172\013}{subsection.2.3}% 14
\BOOKMARK [1][-]{section.3}{\376\377\133\236\232\214\144\315\117\134}{}% 15
\BOOKMARK [2][-]{subsection.3.1}{\376\377\163\257\130\203\162\110\147\054}{section.3}% 16
\BOOKMARK [2][-]{subsection.3.2}{\376\377\170\154\116\366\145\057\143\001}{section.3}% 17
\BOOKMARK [2][-]{subsection.3.3}{\376\377\116\343\170\001\133\236\163\260\116\016\214\003\145\164}{section.3}% 18
\BOOKMARK [1][-]{section.4}{\376\377\140\073\176\323\116\016\137\303\137\227}{}% 19
\BOOKMARK [2][-]{subsection.4.1}{\376\377\145\066\203\267}{section.4}% 20
\BOOKMARK [2][-]{subsection.4.2}{\376\377\220\107\122\060\166\204\225\356\230\230}{section.4}% 21
\BOOKMARK [2][-]{subsection.4.3}{\376\377\133\371\123\321\134\125\122\115\146\157\166\204\134\125\147\033}{section.4}% 22
