This is pdfTeX, Version 3.141592653-2.6-1.40.24 (TeX Live 2022) (preloaded format=pdftex 2022.8.11)  5 SEP 2022 17:07
entering extended mode
 restricted \write18 enabled.
 %&-line parsing enabled.
**ref.bib
(./ref.bib
Overfull \hbox (68.02394pt too wide) in paragraph at lines 43--50
[]\tenrm @onlineWeb1, au-thor = Wikipedia LLC, ti-tle = Pen-du-lum, year = 2002
, url = https://en.wikipedia.org/wiki/Pendulum,|

\hbox(7.5+2.5)x469.75499, glue set - 1.0
.\hbox(0.0+0.0)x20.0
.\tenrm @
.\tenrm o
.\tenrm n
.\tenrm l
.etc.

Missing character: There is no Ë in font cmr10!
Missing character: There is no ∞ in font cmr10!
Missing character: There is no ¢ in font cmr10!
Missing character: There is no Ë in font cmr10!
Missing character: There is no â in font cmr10!
Missing character: There is no Ø in font cmr10!
Missing character: There is no Ê in font cmr10!
Missing character: There is no â in font cmr10!
Missing character: There is no ç in font cmr10!
Missing character: There is no Â in font cmr10!
Missing character: There is no ü in font cmr10!
Missing character: There is no ∫ in font cmr10!
Missing character: There is no ‰ in font cmr10!
Missing character: There is no ∫ in font cmr10!
Missing character: There is no é in font cmr10!
Missing character: There is no È in font cmr10!
Missing character: There is no ¢ in font cmr10!
Missing character: There is no Ü in font cmr10!
Missing character: There is no Â in font cmr10!
Missing character: There is no ü in font cmr10!
Missing character: There is no ü in font cmr10!
Missing character: There is no Ë in font cmr10!
Missing character: There is no á in font cmr10!
Missing character: There is no ™ in font cmr10!
Missing character: There is no È in font cmr10!
Missing character: There is no Ä in font cmr10!
Missing character: There is no Ç in font cmr10!
Missing character: There is no Â in font cmr10!
Missing character: There is no ∫ in font cmr10!
Missing character: There is no î in font cmr10!
Missing character: There is no Á in font cmr10!
Missing character: There is no ö in font cmr10!
Missing character: There is no Ñ in font cmr10!
Missing character: There is no Ê in font cmr10!
Missing character: There is no â in font cmr10!
Missing character: There is no ã in font cmr10!
Missing character: There is no Â in font cmr10!
Missing character: There is no ä in font cmr10!
Missing character: There is no ø in font cmr10!
Missing character: There is no Ë in font cmr10!
Missing character: There is no Ø in font cmr10!
Missing character: There is no Ü in font cmr10!
Missing character: There is no Â in font cmr10!
Missing character: There is no à in font cmr10!
Missing character: There is no ´ in font cmr10!
Missing character: There is no Á in font cmr10!
Missing character: There is no ö in font cmr10!
Missing character: There is no Ñ in font cmr10!
Missing character: There is no Á in font cmr10!
Missing character: There is no † in font cmr10!
Missing character: There is no î in font cmr10!
Missing character: There is no Á in font cmr10!
Missing character: There is no © in font cmr10!
Missing character: There is no ∂ in font cmr10!
Missing character: There is no ‰ in font cmr10!
Missing character: There is no ∏ in font cmr10!
Missing character: There is no é in font cmr10!
Missing character: There is no Â in font cmr10!
Missing character: There is no Æ in font cmr10!
Missing character: There is no û in font cmr10!
Missing character: There is no Á in font cmr10!
Missing character: There is no é in font cmr10!
Missing character: There is no ∞ in font cmr10!
Missing character: There is no Ë in font cmr10!
Missing character: There is no ∞ in font cmr10!
Missing character: There is no ¢ in font cmr10!
Missing character: There is no Ë in font cmr10!
Missing character: There is no â in font cmr10!
Missing character: There is no Ø in font cmr10!
Missing character: There is no Ê in font cmr10!
Missing character: There is no â in font cmr10!
Missing character: There is no ç in font cmr10!
Missing character: There is no Â in font cmr10!
Missing character: There is no ü in font cmr10!
Missing character: Th